samples/android-15/AndroidBeamDemo/app/build/outputs/logs/manifest-merger-debug-report.txt
-- Merging decision tree log ---
manifest
ADDED from src\main\AndroidManifest.xml:20:1-42:12
INJECTED from src\main\AndroidManifest.xml:20:1-42:12
INJECTED from src\main\AndroidManifest.xml:20:1-42:12
INJECTED from src\main\AndroidManifest.xml:20:1-42:12
INJECTED from src\main\AndroidManifest.xml:20:1-42:12
INJECTED from src\main\AndroidManifest.xml:20:1-42:12
INJECTED from src\main\AndroidManifest.xml:20:1-42:12
	package
		ADDED from src\main\AndroidManifest.xml:21:9-43
		INJECTED from src\main\AndroidManifest.xml
		INJECTED from src\main\AndroidManifest.xml
	android:versionName
		ADDED from src\main\AndroidManifest.xml:23:9-34
		INJECTED from src\main\AndroidManifest.xml
		INJECTED from src\main\AndroidManifest.xml
	xmlns:android
		ADDED from src\main\AndroidManifest.xml:20:11-69
	android:versionCode
		ADDED from src\main\AndroidManifest.xml:22:9-32
		INJECTED from src\main\AndroidManifest.xml
		INJECTED from src\main\AndroidManifest.xml
uses-permission#android.permission.NFC
ADDED from src\main\AndroidManifest.xml:24:5-62
	android:name
		ADDED from src\main\AndroidManifest.xml:24:22-59
uses-sdk
ADDED from src\main\AndroidManifest.xml:25:5-44
INJECTED from src\main\AndroidManifest.xml:25:5-44
INJECTED from src\main\AndroidManifest.xml:25:5-44
INJECTED from src\main\AndroidManifest.xml:25:5-44
INJECTED from src\main\AndroidManifest.xml:25:5-44
	android:targetSdkVersion
		INJECTED from src\main\AndroidManifest.xml
		ADDED from src\main\AndroidManifest.xml:25:5-44
		INJECTED from src\main\AndroidManifest.xml
	android:minSdkVersion
		ADDED from src\main\AndroidManifest.xml:25:15-41
		INJECTED from src\main\AndroidManifest.xml
		INJECTED from src\main\AndroidManifest.xml
uses-feature#android.hardware.nfc
ADDED from src\main\AndroidManifest.xml:26:5-57
	android:name
		ADDED from src\main\AndroidManifest.xml:26:19-54
application
ADDED from src\main\AndroidManifest.xml:27:5-41:19
	android:label
		ADDED from src\main\AndroidManifest.xml:27:55-87
	android:icon
		ADDED from src\main\AndroidManifest.xml:27:18-54
activity#com.example.android.beam.Beam
ADDED from src\main\AndroidManifest.xml:28:9-40:20
	android:label
		ADDED from src\main\AndroidManifest.xml:29:17-49
	android:launchMode
		ADDED from src\main\AndroidManifest.xml:30:17-47
	android:name
		ADDED from src\main\AndroidManifest.xml:28:19-63
intent-filter#action:name:android.intent.action.MAIN+category:name:android.intent.category.LAUNCHER
ADDED from src\main\AndroidManifest.xml:31:13-34:29
action#android.intent.action.MAIN
ADDED from src\main\AndroidManifest.xml:32:17-69
	android:name
		ADDED from src\main\AndroidManifest.xml:32:25-66
category#android.intent.category.LAUNCHER
ADDED from src\main\AndroidManifest.xml:33:17-77
	android:name
		ADDED from src\main\AndroidManifest.xml:33:27-74
intent-filter#action:name:android.nfc.action.NDEF_DISCOVERED+category:name:android.intent.category.DEFAULT+data:mimeType:application/com.example.android.beam
ADDED from src\main\AndroidManifest.xml:35:13-39:29
action#android.nfc.action.NDEF_DISCOVERED
ADDED from src\main\AndroidManifest.xml:36:17-77
	android:name
		ADDED from src\main\AndroidManifest.xml:36:25-74
category#android.intent.category.DEFAULT
ADDED from src\main\AndroidManifest.xml:37:17-76
	android:name
		ADDED from src\main\AndroidManifest.xml:37:27-73
data
ADDED from src\main\AndroidManifest.xml:38:17-81
	android:mimeType
		ADDED from src\main\AndroidManifest.xml:38:23-78